Added Component: Designator=P1(HDR1X4)
Add component (AddParameter): Name = "LatestRevisionDate"; Value = "17-Jul-2002"; VariantName = "[No Variations]"
Add component (AddParameter): Name = "LatestRevisionNote"; Value = "Re-released for DXP Platform."; VariantName = "[No Variations]"
Add component (AddParameter): Name = "Manufacturer Part Number"; Value = "M20-9990446"; VariantName = "[No Variations]"
Add component (AddParameter): Name = "Publisher"; Value = "Altium Limited"; VariantName = "[No Variations]"
Added Pin To Net: NetName=3V3 Pin=P1-2
Added Pin To Net: NetName=+5 Pin=P1-3
Added Pin To Net: NetName=GND Pin=P1-4
Change Net Name : Old Net Name=NetADJ1_1 New Net Name=ANALOG
Change Net Name : Old Net Name=NetJ1_4 New Net Name=SCL
Change Net Name : Old Net Name=NetJ1_5 New Net Name=SDA
Change Net Color : Old Net Color=Lime New Net Color=Fuchsia
Change Net Color : Old Net Color=Fuchsia New Net Color=Blue
Change Net Color : Old Net Color=White New Net Color=Aqua
Change Net Color : Old Net Color=RGB(158, 161, 117) New Net Color=RGB(86, 30, 30)
Change Net Color : Old Net Color=Yellow New Net Color=RGB(74, 134, 232)
Added Pin To Net: NetName=ALERT Pin=P1-1
Added Pin To Net: NetName=ALERT Pin=R15-2
Added Pin To Net: NetName=ALERT Pin=U4-2
Added Net: Name=ALERT
Added Member To Class: ClassName=main Member=Component P1 Header 4
