Removed Pin From Net: NetName=VDD Pin=R12-1
Change Component Footprint: Designator=J3 Old Footprint=FP-U_FL-R-SMT-1_10-MFG New Footprint=0734120110
Change Component Comment : Designator=J3 Old Comment=U.FL-R-SMT-1(10) New Comment=0734120110
Change Managed Component Library Link : Designator=J3 Old VaultGUID=B7D15EC3-160A-466F-A46C-7801FE6295A7 New VaultGUID= Old ItemGUID=ADDB1A8A-30BF-4E2B-AF58-07F1950C5035 New ItemGUID= Old RevisionGUID=F68D54BC-C89D-4CE1-81AB-F968FE86FB37 New RevisionGUID=
Change component parameters: Designator = "J3" ("J3"); Footprint = "FP-U_FL-R-SMT-1_10-MFG"; UniqueID = "\WHBJNQYB\OKRHSPUK" ("\WHBJNQYB\OKRHSPUK")
Change component parameters (AddParameter): Name = "Body Finish"; Value = "Nickel"; VariantName = "[No Variations]"
Change component parameters (AddParameter): Name = "Body Material"; Value = "Phosphor Bronze"; VariantName = "[No Variations]"
Change component parameters (AddParameter): Name = "Cable Group"; Value = "-"; VariantName = "[No Variations]"
Change component parameters (AddParameter): Name = "Category"; Value = "Connectors, Interconnects"; VariantName = "[No Variations]"
Change component parameters (AddParameter): Name = "Center Contact Material"; Value = "Brass"; VariantName = "[No Variations]"
Change component parameters (AddParameter): Name = "Center Contact Plating"; Value = "Gold"; VariantName = "[No Variations]"
Change component parameters (AddParameter): Name = "ComponentLink1Description"; Value = "http://www.molex.com/pdm_docs/sd/734120110_sd.pdf"; VariantName = "[No Variations]"
Change component parameters (AddParameter): Name = "ComponentLink1URL"; Value = "http://www.molex.com/pdm_docs/sd/734120110_sd.pdf"; VariantName = "[No Variations]"
Change component parameters (AddParameter): Name = "Connector Style"; Value = "Ultra Miniature Coaxial"; VariantName = "[No Variations]"
Change component parameters (AddParameter): Name = "Connector Type"; Value = "Receptacle, Male Pin"; VariantName = "[No Variations]"
Change component parameters (AddParameter): Name = "Contact Termination"; Value = "Solder"; VariantName = "[No Variations]"
Change component parameters (AddParameter): Name = "Dielectric Material"; Value = "Liquid Crystal Polymer (LCP)"; VariantName = "[No Variations]"
Change component parameters (AddParameter): Name = "Fastening Type"; Value = "Snap-On"; VariantName = "[No Variations]"
Change component parameters (AddParameter): Name = "Features"; Value = "-"; VariantName = "[No Variations]"
Change component parameters (AddParameter): Name = "Housing Color"; Value = "Silver"; VariantName = "[No Variations]"
Change component parameters (AddParameter): Name = "Impedance"; Value = "50 Ohm"; VariantName = "[No Variations]"
Change component parameters (AddParameter): Name = "Includes"; Value = "-"; VariantName = "[No Variations]"
Change component parameters (AddParameter): Name = "Ingress Protection"; Value = "-"; VariantName = "[No Variations]"
Change component parameters (AddParameter): Name = "Insertion Loss"; Value = "-"; VariantName = "[No Variations]"
Change component parameters (AddParameter): Name = "Manufacturer"; Value = "Molex, LLC"; VariantName = "[No Variations]"
Change component parameters (AddParameter): Name = "Manufacturer Part Number"; Value = "0734120110"; VariantName = "[No Variations]"
Change component parameters (AddParameter): Name = "Mating Cycles"; Value = "30"; VariantName = "[No Variations]"
Change component parameters (AddParameter): Name = "Mounting Feature"; Value = "-"; VariantName = "[No Variations]"
Change component parameters (AddParameter): Name = "Mounting Type"; Value = "Surface Mount"; VariantName = "[No Variations]"
Change component parameters (AddParameter): Name = "Operating Temperature"; Value = "-40°C ~ 90°C"; VariantName = "[No Variations]"
Change component parameters (AddParameter): Name = "Packaging"; Value = "Cut Tape (CT)"; VariantName = "[No Variations]"
Change component parameters (AddParameter): Name = "Part Status"; Value = "Active"; VariantName = "[No Variations]"
Change component parameters (AddParameter): Name = "Pricing 1"; Value = "1=0.73, 10=0.688, 25=0.6188, 50=0.5502, 100=0.5273, 250=0.4814, 500=0.45848, 1000=0.37825, 2500=0.34386 (USD)"; VariantName = "[No Variations]"
Change component parameters (AddParameter): Name = "RoHS"; Value = "RoHS Compliant"; VariantName = "[No Variations]"
Change component parameters (AddParameter): Name = "Shield Termination"; Value = "Solder"; VariantName = "[No Variations]"
Change component parameters (AddParameter): Name = "Stock 1"; Value = "48500"; VariantName = "[No Variations]"
Change component parameters (AddParameter): Name = "Supplier 1"; Value = "Digi-Key"; VariantName = "[No Variations]"
Change component parameters (AddParameter): Name = "Supplier Part Number 1"; Value = "WM5587CT-ND"; VariantName = "[No Variations]"
Added Component: Designator=S1(SMD_STRAFT  CIRCULAR NO)
Add component (AddParameter): Name = "Height"; Value = "0"; VariantName = "[No Variations]"
Add component (AddParameter): Name = "PartGroup"; Value = "Mechanical devices,PCB implemented components"; VariantName = "[No Variations]"
Add component (AddParameter): Name = "Value"; Value = "SMD-STRAP_0603_CLOSED"; VariantName = "[No Variations]"
Added Component: Designator=S2(SMD_STRAFT  CIRCULAR NO)
Add component (AddParameter): Name = "Height"; Value = "0"; VariantName = "[No Variations]"
Add component (AddParameter): Name = "PartGroup"; Value = "Mechanical devices,PCB implemented components"; VariantName = "[No Variations]"
Add component (AddParameter): Name = "Value"; Value = "SMD-STRAP_0603_CLOSED"; VariantName = "[No Variations]"
Added Pin To Net: NetName=GND Pin=J3-4
Added Pin To Net: NetName=VDD Pin=S1-2
Added Pin To Net: NetName=GND Pin=S2-2
Added Pin To Net: NetName=NetR12_1 Pin=R12-1
Added Pin To Net: NetName=NetR12_1 Pin=S1-1
Added Pin To Net: NetName=NetR12_1 Pin=S2-1
Added Net: Name=NetR12_1
Added Member To Class: ClassName=ADC_LevelConverter Member=Component S1 SMD-STRAP Circular NO
Added Member To Class: ClassName=ADC_LevelConverter Member=Component S2 SMD-STRAP Circular NO
